<?xml version="1.0" encoding="UTF-8"?>
<!-- Generated by org.testng.reporters.JUnitReportReporter -->
<testsuite skipped="2" hostname="LAPTOP-VFM9P8ED" name="com.pgw.qa.testcases.OrderIdPageTest" tests="4" failures="0" timestamp="17 Nov 2020 12:28:09 GMT" time="87.048" errors="0">
  <testcase name="verifyOrderIdTest" time="49.237" classname="com.pgw.qa.testcases.OrderIdPageTest"/>
  <testcase name="backtoHome" time="37.811" classname="com.pgw.qa.testcases.OrderIdPageTest"/>
  <testcase name="orderIdVisibleTest" classname="com.pgw.qa.testcases.OrderIdPageTest">
    <skipped/>
  </testcase> <!-- orderIdVisibleTest -->
  <testcase name="successMsgTest" classname="com.pgw.qa.testcases.OrderIdPageTest">
    <skipped/>
  </testcase> <!-- successMsgTest -->
</testsuite> <!-- com.pgw.qa.testcases.OrderIdPageTest -->
