<?xml version="1.0" encoding="UTF-8"?>
<!-- Generated by org.testng.reporters.JUnitReportReporter -->
<testsuite skipped="0" hostname="LAPTOP-VFM9P8ED" name="com.pgw.qa.testcases.HomePageTest" tests="3" failures="0" timestamp="23 Nov 2020 05:50:00 GMT" time="91.618" errors="0">
  <testcase name="validatePlaceOrder" time="33.085" classname="com.pgw.qa.testcases.HomePageTest"/>
  <testcase name="validatePlaceOrder" time="35.951" classname="com.pgw.qa.testcases.HomePageTest"/>
  <testcase name="validatePlaceOrder" time="22.582" classname="com.pgw.qa.testcases.HomePageTest"/>
</testsuite> <!-- com.pgw.qa.testcases.HomePageTest -->
