<?xml version="1.0" encoding="UTF-8"?>
<!-- Generated by org.testng.reporters.JUnitReportReporter -->
<testsuite skipped="0" hostname="LAPTOP-VFM9P8ED" name="com.pgw.qa.testcases.HomePageTest" tests="1" failures="0" timestamp="18 Nov 2020 07:03:56 GMT" time="26.654" errors="0">
  <testcase name="validatePlaceOrder" time="26.654" classname="com.pgw.qa.testcases.HomePageTest"/>
</testsuite> <!-- com.pgw.qa.testcases.HomePageTest -->
