<?xml version="1.0" encoding="UTF-8"?>
<!-- Generated by org.testng.reporters.JUnitReportReporter -->
<testsuite skipped="0" hostname="LAPTOP-VFM9P8ED" name="com.pgw.qa.testcases.HomePageTest" tests="3" failures="0" timestamp="19 Nov 2020 10:58:48 GMT" time="81.627" errors="0">
  <testcase name="validatePlaceOrder" time="22.312" classname="com.pgw.qa.testcases.HomePageTest"/>
  <testcase name="validatePlaceOrder" time="36.620" classname="com.pgw.qa.testcases.HomePageTest"/>
  <testcase name="validatePlaceOrder" time="22.695" classname="com.pgw.qa.testcases.HomePageTest"/>
</testsuite> <!-- com.pgw.qa.testcases.HomePageTest -->
