<?xml version="1.0" encoding="UTF-8"?>
<!-- Generated by org.testng.reporters.JUnitReportReporter -->
<testsuite skipped="0" hostname="LAPTOP-VFM9P8ED" name="com.pgw.qa.testcases.PaymentProcessPageTest" tests="1" failures="0" timestamp="19 Nov 2020 10:41:38 GMT" time="20.717" errors="0">
  <testcase name="paymentProcessTest" time="20.717" classname="com.pgw.qa.testcases.PaymentProcessPageTest"/>
</testsuite> <!-- com.pgw.qa.testcases.PaymentProcessPageTest -->
