<?xml version="1.0" encoding="UTF-8"?>
<!-- Generated by org.testng.reporters.JUnitReportReporter -->
<testsuite skipped="0" hostname="LAPTOP-VFM9P8ED" name="com.pgw.qa.testcases.HomePageTest" tests="3" failures="0" timestamp="23 Nov 2020 07:41:33 GMT" time="159.530" errors="0">
  <testcase name="validatePlaceOrder" time="35.135" classname="com.pgw.qa.testcases.HomePageTest"/>
  <testcase name="validatePlaceOrder" time="30.054" classname="com.pgw.qa.testcases.HomePageTest"/>
  <testcase name="validatePlaceOrder" time="94.341" classname="com.pgw.qa.testcases.HomePageTest"/>
</testsuite> <!-- com.pgw.qa.testcases.HomePageTest -->
