<?xml version="1.0" encoding="UTF-8"?>
<!-- Generated by org.testng.reporters.JUnitReportReporter -->
<testsuite skipped="1" hostname="LAPTOP-VFM9P8ED" name="com.pgw.qa.testcases.HomePageTest" tests="9" failures="0" timestamp="25 Nov 2020 05:15:13 GMT" time="138.407" errors="0">
  <testcase name="validatePlaceOrder" time="20.597" classname="com.pgw.qa.testcases.HomePageTest"/>
  <testcase name="homePageTitleTest" time="29.370" classname="com.pgw.qa.testcases.HomePageTest"/>
  <testcase name="appLogoTest" time="15.830" classname="com.pgw.qa.testcases.HomePageTest"/>
  <testcase name="pgwLogoTest" time="16.426" classname="com.pgw.qa.testcases.HomePageTest"/>
  <testcase name="productNameTest" time="12.215" classname="com.pgw.qa.testcases.HomePageTest"/>
  <testcase name="productCatalogueTest" time="14.066" classname="com.pgw.qa.testcases.HomePageTest"/>
  <testcase name="productPriceTest" time="12.426" classname="com.pgw.qa.testcases.HomePageTest"/>
  <testcase name="quantityTest" time="17.477" classname="com.pgw.qa.testcases.HomePageTest"/>
  <testcase name="buyButtonTest" classname="com.pgw.qa.testcases.HomePageTest">
    <skipped/>
  </testcase> <!-- buyButtonTest -->
</testsuite> <!-- com.pgw.qa.testcases.HomePageTest -->
